<?xml version="1.0" encoding="UTF-8"?>
<testng-results ignored="0" total="1" passed="1" failed="0" skipped="0">
  <reporter-output>
  </reporter-output>
  <suite started-at="2021-06-25T05:40:58Z" name="Suite" finished-at="2021-06-25T05:41:26Z" duration-ms="27907">
    <groups>
    </groups>
    <test started-at="2021-06-25T05:40:58Z" name="Functioal testing" finished-at="2021-06-25T05:41:26Z" duration-ms="27907">
      <class name="com.qa.TestScript.AvailabilityBus">
        <test-method is-config="true" signature="Setup(java.lang.String, java.lang.String)[pri:0, instance:com.qa.TestScript.AvailabilityBus@378542de]" started-at="2021-06-25T05:40:58Z" name="Setup" finished-at="2021-06-25T05:41:04Z" duration-ms="5980" status="PASS">
          <params>
            <param index="0">
              <value>
                <![CDATA[edge]]>
              </value>
            </param>
            <param index="1">
              <value>
                <![CDATA[https://www.redbus.in/]]>
              </value>
            </param>
          </params>
          <reporter-output>
          </reporter-output>
        </test-method> <!-- Setup -->
        <test-method signature="signIn(java.lang.String, java.lang.String)[pri:0, instance:com.qa.TestScript.AvailabilityBus@378542de]" started-at="2021-06-25T05:41:05Z" name="signIn" data-provider="getData" finished-at="2021-06-25T05:41:22Z" duration-ms="16447" status="PASS">
          <params>
            <param index="0">
              <value>
                <![CDATA[sagar]]>
              </value>
            </param>
            <param index="1">
              <value>
                <![CDATA[indore]]>
              </value>
            </param>
          </params>
          <reporter-output>
          </reporter-output>
        </test-method> <!-- signIn -->
        <test-method is-config="true" signature="tearDown()[pri:0, instance:com.qa.TestScript.AvailabilityBus@378542de]" started-at="2021-06-25T05:41:22Z" name="tearDown" finished-at="2021-06-25T05:41:26Z" duration-ms="4159" status="PASS">
          <reporter-output>
          </reporter-output>
        </test-method> <!-- tearDown -->
      </class> <!-- com.qa.TestScript.AvailabilityBus -->
    </test> <!-- Functioal testing -->
  </suite> <!-- Suite -->
</testng-results>
