<?xml version="1.0" encoding="UTF-8"?>
<testng-results ignored="0" total="1" passed="1" failed="0" skipped="0">
  <reporter-output>
  </reporter-output>
  <suite started-at="2021-06-30T04:48:15Z" name="Suite" finished-at="2021-06-30T04:48:34Z" duration-ms="19721">
    <groups>
    </groups>
    <test started-at="2021-06-30T04:48:15Z" name="Test" finished-at="2021-06-30T04:48:34Z" duration-ms="19721">
      <class name="com.qa.TestScript.AvailabilityBus">
        <test-method is-config="true" signature="Setup(java.lang.String, java.lang.String)[pri:0, instance:com.qa.TestScript.AvailabilityBus@5fd4f8f5]" started-at="2021-06-30T04:48:15Z" name="Setup" finished-at="2021-06-30T04:48:18Z" duration-ms="3366" status="PASS">
          <params>
            <param index="0">
              <value>
                <![CDATA[edge]]>
              </value>
            </param>
            <param index="1">
              <value>
                <![CDATA[https://www.redbus.in/]]>
              </value>
            </param>
          </params>
          <reporter-output>
          </reporter-output>
        </test-method> <!-- Setup -->
        <test-method signature="signIn(java.lang.String, java.lang.String)[pri:0, instance:com.qa.TestScript.AvailabilityBus@5fd4f8f5]" started-at="2021-06-30T04:48:19Z" name="signIn" data-provider="getData" finished-at="2021-06-30T04:48:34Z" duration-ms="15431" status="PASS">
          <params>
            <param index="0">
              <value>
                <![CDATA[sagar]]>
              </value>
            </param>
            <param index="1">
              <value>
                <![CDATA[indore]]>
              </value>
            </param>
          </params>
          <reporter-output>
          </reporter-output>
        </test-method> <!-- signIn -->
        <test-method is-config="true" signature="tearDown()[pri:0, instance:com.qa.TestScript.AvailabilityBus@5fd4f8f5]" started-at="2021-06-30T04:48:34Z" name="tearDown" finished-at="2021-06-30T04:48:34Z" duration-ms="124" status="PASS">
          <reporter-output>
          </reporter-output>
        </test-method> <!-- tearDown -->
      </class> <!-- com.qa.TestScript.AvailabilityBus -->
    </test> <!-- Test -->
  </suite> <!-- Suite -->
</testng-results>
